:compileJavaNote: Some input files use unchecked or unsafe operations.
Note: Recompile with -Xlint:unchecked for details.

:processResources UP-TO-DATE
:classes
:esSLF4J: Failed to load class "org.slf4j.impl.StaticLoggerBinder".
SLF4J: Defaulting to no-operation (NOP) logger implementation
SLF4J: See http://www.slf4j.org/codes.html#StaticLoggerBinder for further details.
May 27, 2016 5:07:07 PM com.mongodb.diagnostics.logging.JULLogger log
INFO: Cluster created with settings {hosts=[127.0.0.1:27017], mode=SINGLE, requiredClusterType=UNKNOWN, serverSelectionTimeout='30000 ms', maxWaitQueueSize=500}
May 27, 2016 5:07:07 PM com.mongodb.diagnostics.logging.JULLogger log
INFO: No server chosen by ReadPreferenceServerSelector{readPreference=primary} from cluster description ClusterDescription{type=UNKNOWN, connectionMode=SINGLE, all=[ServerDescription{address=127.0.0.1:27017, type=UNKNOWN, state=CONNECTING}]}. Waiting for 30000 ms before timing out
May 27, 2016 5:07:07 PM com.mongodb.diagnostics.logging.JULLogger log
INFO: Opened connection [connectionId{localValue:1, serverValue:28}] to 127.0.0.1:27017
May 27, 2016 5:07:07 PM com.mongodb.diagnostics.logging.JULLogger log
INFO: Monitor thread successfully connected to server with description ServerDescription{address=127.0.0.1:27017, type=STANDALONE, state=CONNECTED, ok=true, version=ServerVersion{versionList=[3, 2, 6]}, minWireVersion=0, maxWireVersion=4, maxDocumentSize=16777216, roundTripTimeNanos=1367310}
May 27, 2016 5:07:07 PM com.mongodb.diagnostics.logging.JULLogger log
INFO: Opened connection [connectionId{localValue:2, serverValue:29}] to 127.0.0.1:27017

Added data: 1, count: 19206
Added data: 2, count: 29206
Added data: 3, count: 39206
Added data: 4, count: 49206
Added data: 5, count: 59206
Added data: 6, count: 69206
Added data: 7, count: 79206
Added data: 8, count: 89206
Added data: 9, count: 99206
Added data: 10, count: 109206
Added data: 11, count: 119206
Added data: 12, count: 129206
Added data: 13, count: 139206
Added data: 14, count: 149206
Added data: 15, count: 159206
Added data: 16, count: 169206
Added data: 17, count: 179206
Added data: 18, count: 189206
Added data: 19, count: 199206
Added data: 20, count: 209206
Added data: 21, count: 219206
Added data: 22, count: 229206
Added data: 23, count: 239206
Added data: 24, count: 249206
Added data: 25, count: 259206
Added data: 26, count: 269206
Added data: 27, count: 279206
Added data: 28, count: 289206
Added data: 29, count: 299206
Added data: 30, count: 309206
Added data: 31, count: 319206
Added data: 32, count: 329206
Added data: 33, count: 339206
Added data: 34, count: 349206
Added data: 35, count: 359206
Added data: 36, count: 369206
Added data: 37, count: 379206
Added data: 38, count: 389206
Added data: 39, count: 399206
Added data: 40, count: 409206
Added data: 41, count: 419206
Added data: 42, count: 429206
Added data: 43, count: 439206
Added data: 44, count: 449206
Added data: 45, count: 459206
Added data: 46, count: 469206
Added data: 47, count: 479206
Added data: 48, count: 489206
Added data: 49, count: 499206
Added data: 50, count: 509206
Added data: 51, count: 519206
Added data: 52, count: 529206
Added data: 53, count: 539206
Added data: 54, count: 549206
Added data: 55, count: 559206
Added data: 56, count: 569206
Added data: 57, count: 579206
Added data: 58, count: 589206
Added data: 59, count: 599206
Added data: 60, count: 609206
Added data: 61, count: 619206
Added data: 62, count: 629206
Added data: 63, count: 639206
Added data: 64, count: 649206
Added data: 65, count: 659206
Added data: 66, count: 669206
Added data: 67, count: 679206
Added data: 68, count: 689206
Added data: 69, count: 699206
Added data: 70, count: 709206
Added data: 71, count: 719206
Added data: 72, count: 729206
Added data: 73, count: 739206
Added data: 74, count: 749206
Added data: 75, count: 759206
Added data: 76, count: 769206
Added data: 77, count: 779206
Added data: 78, count: 789206
Added data: 79, count: 799206
Added data: 80, count: 809206
Added data: 81, count: 819206
Added data: 82, count: 829206
Added data: 83, count: 839206
Added data: 84, count: 849206
Added data: 85, count: 859206
Added data: 86, count: 869206
Added data: 87, count: 879206
Added data: 88, count: 889206
Added data: 89, count: 899206
Added data: 90, count: 909206
Added data: 91, count: 919206
Added data: 92, count: 929206
Added data: 93, count: 939206
Added data: 94, count: 949206
Added data: 95, count: 959206
Added data: 96, count: 969206
Added data: 97, count: 979206
Added data: 98, count: 989206
Added data: 99, count: 999206
Added data: 100, count: 1009206
Added data: 101, count: 1019206
Added data: 102, count: 1029206
Added data: 103, count: 1039206
Added data: 104, count: 1049206
Added data: 105, count: 1059206
Added data: 106, count: 1069206
Added data: 107, count: 1079206
Added data: 108, count: 1089206
Added data: 109, count: 1099206
Added data: 110, count: 1109206
Added data: 111, count: 1119206
Added data: 112, count: 1129206
Added data: 113, count: 1139206
Added data: 114, count: 1149206
Added data: 115, count: 1159206
Added data: 116, count: 1169206
Added data: 117, count: 1179206
Added data: 118, count: 1189206
Added data: 119, count: 1199206
Added data: 120, count: 1209206
Added data: 121, count: 1219206
Added data: 122, count: 1229206
Added data: 123, count: 1239206
Added data: 124, count: 1249206
Added data: 125, count: 1259206
Added data: 126, count: 1269206
Added data: 127, count: 1279206
Added data: 128, count: 1289206
Added data: 129, count: 1299206
Added data: 130, count: 1309206
Added data: 131, count: 1319206
Added data: 132, count: 1329206
Added data: 133, count: 1339206
Added data: 134, count: 1349206
Added data: 135, count: 1359206
Added data: 136, count: 1369206
Added data: 137, count: 1379206
Added data: 138, count: 1389206
Added data: 139, count: 1399206
Added data: 140, count: 1409206
Added data: 141, count: 1419206
Added data: 142, count: 1429206
Added data: 143, count: 1439206
Added data: 144, count: 1449206
Added data: 145, count: 1459206
Added data: 146, count: 1469206
Added data: 147, count: 1479206
Added data: 148, count: 1489206
Added data: 149, count: 1499206
Added data: 150, count: 1509206
Added data: 151, count: 1519206
Added data: 152, count: 1529206
Added data: 153, count: 1539206
Added data: 154, count: 1549206
Added data: 155, count: 1559206
Added data: 156, count: 1569206
Added data: 157, count: 1579206
Added data: 158, count: 1589206
Added data: 159, count: 1599206
Added data: 160, count: 1609206
Added data: 161, count: 1619206
Added data: 162, count: 1629206
Added data: 163, count: 1639206
Added data: 164, count: 1649206
Added data: 165, count: 1659206
Added data: 166, count: 1669206
Added data: 167, count: 1679206
Added data: 168, count: 1689206
Added data: 169, count: 1699206
Added data: 170, count: 1709206
Added data: 171, count: 1719206
Added data: 172, count: 1729206
Added data: 173, count: 1739206
Added data: 174, count: 1749206
Added data: 175, count: 1759206
Added data: 176, count: 1769206
Added data: 177, count: 1779206
Added data: 178, count: 1789206
Added data: 179, count: 1799206
Added data: 180, count: 1809206
Added data: 181, count: 1819206
Added data: 182, count: 1829206
Added data: 183, count: 1839206
Added data: 184, count: 1849206
Added data: 185, count: 1859206
Added data: 186, count: 1869206
Added data: 187, count: 1879206
Added data: 188, count: 1889206
Added data: 189, count: 1899206
Added data: 190, count: 1909206
Added data: 191, count: 1919206
Added data: 192, count: 1929206
Added data: 193, count: 1939206
Added data: 194, count: 1949206
Added data: 195, count: 1959206
Added data: 196, count: 1969206
Added data: 197, count: 1979206
Added data: 198, count: 1989206
Added data: 199, count: 1999206
Added data: 200, count: 2009206
Added data: 201, count: 2019206
Added data: 202, count: 2029206
Added data: 203, count: 2039206
Added data: 204, count: 2049206
Added data: 205, count: 2059206
Added data: 206, count: 2069206
Added data: 207, count: 2079206
Added data: 208, count: 2089206
Added data: 209, count: 2099206
Added data: 210, count: 2109206
Added data: 211, count: 2119206
Added data: 212, count: 2129206
Added data: 213, count: 2139206
Added data: 214, count: 2149206
Added data: 215, count: 2159206
Added data: 216, count: 2169206
Added data: 217, count: 2179206
Added data: 218, count: 2189206
Added data: 219, count: 2199206
Added data: 220, count: 2209206
Added data: 221, count: 2219206
Added data: 222, count: 2229206
Added data: 223, count: 2239206
Added data: 224, count: 2249206
Added data: 225, count: 2259206
Added data: 226, count: 2269206
Added data: 227, count: 2279206
Added data: 228, count: 2289206
Added data: 229, count: 2299206
Added data: 230, count: 2309206
Added data: 231, count: 2319206
Added data: 232, count: 2329206
Added data: 233, count: 2339206
Added data: 234, count: 2349206
Added data: 235, count: 2359206
Added data: 236, count: 2369206
Added data: 237, count: 2379206
Added data: 238, count: 2389206
Added data: 239, count: 2399206
Added data: 240, count: 2409206
Added data: 241, count: 2419206
Added data: 242, count: 2429206
Added data: 243, count: 2439206
Added data: 244, count: 2449206
Added data: 245, count: 2459206
Added data: 246, count: 2469206
Added data: 247, count: 2479206
Added data: 248, count: 2489206
Added data: 249, count: 2499206
Added data: 250, count: 2509206
Added data: 251, count: 2519206
Added data: 252, count: 2529206
Added data: 253, count: 2539206
Added data: 254, count: 2549206
Added data: 255, count: 2559206
Added data: 256, count: 2569206
Added data: 257, count: 2579206
Added data: 258, count: 2589206
Added data: 259, count: 2599206
Added data: 260, count: 2609206
Added data: 261, count: 2619206
Added data: 262, count: 2629206
Added data: 263, count: 2639206
Added data: 264, count: 2649206
Added data: 265, count: 2659206
Added data: 266, count: 2669206
Added data: 267, count: 2679206
Added data: 268, count: 2689206
Added data: 269, count: 2699206
Added data: 270, count: 2709206
Added data: 271, count: 2719206
Added data: 272, count: 2729206
Added data: 273, count: 2739206
Added data: 274, count: 2749206
Added data: 275, count: 2759206
Added data: 276, count: 2769206
Added data: 277, count: 2779206
Added data: 278, count: 2789206
Added data: 279, count: 2799206
Added data: 280, count: 2809206
Added data: 281, count: 2819206
Added data: 282, count: 2829206
Added data: 283, count: 2839206
Added data: 284, count: 2849206
Added data: 285, count: 2859206
Added data: 286, count: 2869206
Added data: 287, count: 2879206
Added data: 288, count: 2889206
Added data: 289, count: 2899206
Added data: 290, count: 2909206
Added data: 291, count: 2919206
Added data: 292, count: 2929206
Added data: 293, count: 2939206
Added data: 294, count: 2949206
Added data: 295, count: 2959206
Added data: 296, count: 2969206
Added data: 297, count: 2979206
Added data: 298, count: 2989206
Added data: 299, count: 2999206
Added data: 300, count: 3009206
Added data: 301, count: 3019206
Added data: 302, count: 3029206
Added data: 303, count: 3039206
Added data: 304, count: 3049206
Added data: 305, count: 3059206
Added data: 306, count: 3069206
Added data: 307, count: 3079206
Added data: 308, count: 3089206
Added data: 309, count: 3099206
Added data: 310, count: 3109206
Added data: 311, count: 3119206
Added data: 312, count: 3129206
Added data: 313, count: 3139206
Added data: 314, count: 3149206
Added data: 315, count: 3159206
Added data: 316, count: 3169206
Added data: 317, count: 3179206
Added data: 318, count: 3189206
Added data: 319, count: 3199206
Added data: 320, count: 3209206
Added data: 321, count: 3219206
Added data: 322, count: 3229206
Added data: 323, count: 3239206
Added data: 324, count: 3249206
Added data: 325, count: 3259206
Added data: 326, count: 3269206
Added data: 327, count: 3279206
Added data: 328, count: 3289206
Added data: 329, count: 3299206
Added data: 330, count: 3309206
Added data: 331, count: 3319206
Added data: 332, count: 3329206
Added data: 333, count: 3339206
Added data: 334, count: 3349206
Added data: 335, count: 3359206
Added data: 336, count: 3369206
Added data: 337, count: 3379206
Added data: 338, count: 3389206
Added data: 339, count: 3399206
Added data: 340, count: 3409206
Added data: 341, count: 3419206
Added data: 342, count: 3429206
Added data: 343, count: 3439206
Added data: 344, count: 3449206
Migration finished

BUILD SUCCESSFUL

Total time: 2 hrs 45 mins 43.23 secs

This build could be faster, please consider using the Gradle Daemon: https://docs.gradle.org/2.13/userguide/gradle_daemon.html
